;  LST file generated by mikroListExporter - v.2.0 
; Date/Time: 8/1/2023 1:43:00 AM
;----------------------------------------------

;Address Opcode 	ASM
0x0000	0x2A62      	GOTO       610
_interrupt:
0x0004	0x00FF      	MOVWF      R15
0x0005	0x0E03      	SWAPF      STATUS, 0
0x0006	0x0183      	CLRF       STATUS
0x0007	0x00B8      	MOVWF      ___saveSTATUS
0x0008	0x080A      	MOVF       PCLATH, 0
0x0009	0x00B9      	MOVWF      ___savePCLATH
0x000A	0x018A      	CLRF       PCLATH
;Traffic Light Control System Project.c,22 :: 		void interrupt(){
;Traffic Light Control System Project.c,23 :: 		if (INTF_bit == 1){
0x000B	0x1C8B      	BTFSS      INTF_bit, BitPos(INTF_bit+0)
0x000C	0x2810      	GOTO       L_interrupt0
;Traffic Light Control System Project.c,24 :: 		INTF_bit = 0; // Acknowledgement step
0x000D	0x108B      	BCF        INTF_bit, BitPos(INTF_bit+0)
;Traffic Light Control System Project.c,25 :: 		manual_flag = 1;
0x000E	0x3001      	MOVLW      1
0x000F	0x00B4      	MOVWF      _manual_flag
;Traffic Light Control System Project.c,26 :: 		}
L_interrupt0:
;Traffic Light Control System Project.c,27 :: 		}
L_end_interrupt:
L__interrupt74:
0x0010	0x0839      	MOVF       ___savePCLATH, 0
0x0011	0x008A      	MOVWF      PCLATH
0x0012	0x0E38      	SWAPF      ___saveSTATUS, 0
0x0013	0x0083      	MOVWF      STATUS
0x0014	0x0EFF      	SWAPF      R15, 1
0x0015	0x0E7F      	SWAPF      R15, 0
0x0016	0x0009      	RETFIE
; end of _interrupt
_Manual_Mode:
;Traffic Light Control System Project.c,195 :: 		void Manual_Mode(){
;Traffic Light Control System Project.c,196 :: 		if(RED1 == 1 || GREEN2 ==  1){
0x0017	0x1283      	BCF        STATUS, 5
0x0018	0x1303      	BCF        STATUS, 6
0x0019	0x1805      	BTFSC      PORTA, 0
0x001A	0x281E      	GOTO       L__Manual_Mode72
0x001B	0x1909      	BTFSC      PORTE, 2
0x001C	0x281E      	GOTO       L__Manual_Mode72
0x001D	0x285B      	GOTO       L_Manual_Mode58
L__Manual_Mode72:
;Traffic Light Control System Project.c,197 :: 		SEG1 = SEG2 = 0;
0x001E	0x1088      	BCF        PORTD, 1
0x001F	0x1888      	BTFSC      PORTD, 1
0x0020	0x2823      	GOTO       L__Manual_Mode135
0x0021	0x1008      	BCF        PORTD, 0
0x0022	0x2824      	GOTO       L__Manual_Mode136
L__Manual_Mode135:
0x0023	0x1408      	BSF        PORTD, 0
L__Manual_Mode136:
;Traffic Light Control System Project.c,198 :: 		SEG3 = SEG4 = 1;
0x0024	0x1588      	BSF        PORTD, 3
0x0025	0x1988      	BTFSC      PORTD, 3
0x0026	0x2829      	GOTO       L__Manual_Mode137
0x0027	0x1108      	BCF        PORTD, 2
0x0028	0x282A      	GOTO       L__Manual_Mode138
L__Manual_Mode137:
0x0029	0x1508      	BSF        PORTD, 2
L__Manual_Mode138:
;Traffic Light Control System Project.c,199 :: 		for(counter = 17; counter < 20; counter++){
0x002A	0x3011      	MOVLW      17
0x002B	0x00B7      	MOVWF      _counter
L_Manual_Mode59:
0x002C	0x3014      	MOVLW      20
0x002D	0x0237      	SUBWF      _counter, 0
0x002E	0x1803      	BTFSC      STATUS, 0
0x002F	0x284C      	GOTO       L_Manual_Mode60
;Traffic Light Control System Project.c,200 :: 		RED2 = GREEN2 = 0;
0x0030	0x1109      	BCF        PORTE, 2
0x0031	0x1909      	BTFSC      PORTE, 2
0x0032	0x2835      	GOTO       L__Manual_Mode139
0x0033	0x1009      	BCF        PORTE, 0
0x0034	0x2836      	GOTO       L__Manual_Mode140
L__Manual_Mode139:
0x0035	0x1409      	BSF        PORTE, 0
L__Manual_Mode140:
;Traffic Light Control System Project.c,201 :: 		YELLOW2 = 1;
0x0036	0x1489      	BSF        PORTE, 1
;Traffic Light Control System Project.c,202 :: 		PORTC = display[counter]; //countdown from 3 to 0
0x0037	0x0837      	MOVF       _counter, 0
0x0038	0x3E20      	ADDLW      _display
0x0039	0x0084      	MOVWF      FSR
0x003A	0x0800      	MOVF       INDF, 0
0x003B	0x0087      	MOVWF      PORTC
;Traffic Light Control System Project.c,203 :: 		Delay_ms(wait);
0x003C	0x3004      	MOVLW      4
0x003D	0x00FB      	MOVWF      R11
0x003E	0x300C      	MOVLW      12
0x003F	0x00FC      	MOVWF      R12
0x0040	0x3033      	MOVLW      51
0x0041	0x00FD      	MOVWF      R13
L_Manual_Mode62:
0x0042	0x0BFD      	DECFSZ     R13, 1
0x0043	0x2842      	GOTO       L_Manual_Mode62
0x0044	0x0BFC      	DECFSZ     R12, 1
0x0045	0x2842      	GOTO       L_Manual_Mode62
0x0046	0x0BFB      	DECFSZ     R11, 1
0x0047	0x2842      	GOTO       L_Manual_Mode62
0x0048	0x0000      	NOP
0x0049	0x0000      	NOP
;Traffic Light Control System Project.c,199 :: 		for(counter = 17; counter < 20; counter++){
0x004A	0x0AB7      	INCF       _counter, 1
;Traffic Light Control System Project.c,204 :: 		}
0x004B	0x282C      	GOTO       L_Manual_Mode59
L_Manual_Mode60:
;Traffic Light Control System Project.c,205 :: 		RED1 = YELLOW1 = 0;
0x004C	0x1085      	BCF        PORTA, 1
0x004D	0x1885      	BTFSC      PORTA, 1
0x004E	0x2851      	GOTO       L__Manual_Mode141
0x004F	0x1005      	BCF        PORTA, 0
0x0050	0x2852      	GOTO       L__Manual_Mode142
L__Manual_Mode141:
0x0051	0x1405      	BSF        PORTA, 0
L__Manual_Mode142:
;Traffic Light Control System Project.c,206 :: 		GREEN1 = 1;
0x0052	0x1505      	BSF        PORTA, 2
;Traffic Light Control System Project.c,207 :: 		GREEN2 = YELLOW2 = 0;
0x0053	0x1089      	BCF        PORTE, 1
0x0054	0x1889      	BTFSC      PORTE, 1
0x0055	0x2858      	GOTO       L__Manual_Mode143
0x0056	0x1109      	BCF        PORTE, 2
0x0057	0x2859      	GOTO       L__Manual_Mode144
L__Manual_Mode143:
0x0058	0x1509      	BSF        PORTE, 2
L__Manual_Mode144:
;Traffic Light Control System Project.c,208 :: 		RED2 = 1;
0x0059	0x1409      	BSF        PORTE, 0
;Traffic Light Control System Project.c,210 :: 		}
0x005A	0x28A3      	GOTO       L_Manual_Mode63
L_Manual_Mode58:
;Traffic Light Control System Project.c,211 :: 		else if(GREEN1 == 1 || RED2 == 1){
0x005B	0x1905      	BTFSC      PORTA, 2
0x005C	0x2860      	GOTO       L__Manual_Mode71
0x005D	0x1809      	BTFSC      PORTE, 0
0x005E	0x2860      	GOTO       L__Manual_Mode71
0x005F	0x28A3      	GOTO       L_Manual_Mode66
L__Manual_Mode71:
;Traffic Light Control System Project.c,212 :: 		SEG1 = SEG2 = 1;
0x0060	0x1488      	BSF        PORTD, 1
0x0061	0x1888      	BTFSC      PORTD, 1
0x0062	0x2865      	GOTO       L__Manual_Mode145
0x0063	0x1008      	BCF        PORTD, 0
0x0064	0x2866      	GOTO       L__Manual_Mode146
L__Manual_Mode145:
0x0065	0x1408      	BSF        PORTD, 0
L__Manual_Mode146:
;Traffic Light Control System Project.c,213 :: 		SEG3 = SEG4 = 0;
0x0066	0x1188      	BCF        PORTD, 3
0x0067	0x1988      	BTFSC      PORTD, 3
0x0068	0x286B      	GOTO       L__Manual_Mode147
0x0069	0x1108      	BCF        PORTD, 2
0x006A	0x286C      	GOTO       L__Manual_Mode148
L__Manual_Mode147:
0x006B	0x1508      	BSF        PORTD, 2
L__Manual_Mode148:
;Traffic Light Control System Project.c,214 :: 		for(counter = 17; counter < 20; counter++){
0x006C	0x3011      	MOVLW      17
0x006D	0x00B7      	MOVWF      _counter
L_Manual_Mode67:
0x006E	0x3014      	MOVLW      20
0x006F	0x0237      	SUBWF      _counter, 0
0x0070	0x1803      	BTFSC      STATUS, 0
0x0071	0x2895      	GOTO       L_Manual_Mode68
;Traffic Light Control System Project.c,215 :: 		RED1 = GREEN1 = 0;
0x0072	0x1105      	BCF        PORTA, 2
0x0073	0x1905      	BTFSC      PORTA, 2
0x0074	0x2877      	GOTO       L__Manual_Mode149
0x0075	0x1005      	BCF        PORTA, 0
0x0076	0x2878      	GOTO       L__Manual_Mode150
L__Manual_Mode149:
0x0077	0x1405      	BSF        PORTA, 0
L__Manual_Mode150:
;Traffic Light Control System Project.c,216 :: 		YELLOW1 = 1;
0x0078	0x1485      	BSF        PORTA, 1
;Traffic Light Control System Project.c,217 :: 		YELLOW2 = GREEN2 = 0;
0x0079	0x1109      	BCF        PORTE, 2
0x007A	0x1909      	BTFSC      PORTE, 2
0x007B	0x287E      	GOTO       L__Manual_Mode151
0x007C	0x1089      	BCF        PORTE, 1
0x007D	0x287F      	GOTO       L__Manual_Mode152
L__Manual_Mode151:
0x007E	0x1489      	BSF        PORTE, 1
L__Manual_Mode152:
;Traffic Light Control System Project.c,218 :: 		RED2 = 1;
0x007F	0x1409      	BSF        PORTE, 0
;Traffic Light Control System Project.c,219 :: 		PORTC = display[counter];
0x0080	0x0837      	MOVF       _counter, 0
0x0081	0x3E20      	ADDLW      _display
0x0082	0x0084      	MOVWF      FSR
0x0083	0x0800      	MOVF       INDF, 0
0x0084	0x0087      	MOVWF      PORTC
;Traffic Light Control System Project.c,220 :: 		Delay_ms(wait);
0x0085	0x3004      	MOVLW      4
0x0086	0x00FB      	MOVWF      R11
0x0087	0x300C      	MOVLW      12
0x0088	0x00FC      	MOVWF      R12
0x0089	0x3033      	MOVLW      51
0x008A	0x00FD      	MOVWF      R13
L_Manual_Mode70:
0x008B	0x0BFD      	DECFSZ     R13, 1
0x008C	0x288B      	GOTO       L_Manual_Mode70
0x008D	0x0BFC      	DECFSZ     R12, 1
0x008E	0x288B      	GOTO       L_Manual_Mode70
0x008F	0x0BFB      	DECFSZ     R11, 1
0x0090	0x288B      	GOTO       L_Manual_Mode70
0x0091	0x0000      	NOP
0x0092	0x0000      	NOP
;Traffic Light Control System Project.c,214 :: 		for(counter = 17; counter < 20; counter++){
0x0093	0x0AB7      	INCF       _counter, 1
;Traffic Light Control System Project.c,221 :: 		}
0x0094	0x286E      	GOTO       L_Manual_Mode67
L_Manual_Mode68:
;Traffic Light Control System Project.c,222 :: 		RED1 = 1;
0x0095	0x1405      	BSF        PORTA, 0
;Traffic Light Control System Project.c,223 :: 		GREEN1 = YELLOW1 = 0;
0x0096	0x1085      	BCF        PORTA, 1
0x0097	0x1885      	BTFSC      PORTA, 1
0x0098	0x289B      	GOTO       L__Manual_Mode153
0x0099	0x1105      	BCF        PORTA, 2
0x009A	0x289C      	GOTO       L__Manual_Mode154
L__Manual_Mode153:
0x009B	0x1505      	BSF        PORTA, 2
L__Manual_Mode154:
;Traffic Light Control System Project.c,224 :: 		RED2 = YELLOW2 = 0;
0x009C	0x1089      	BCF        PORTE, 1
0x009D	0x1889      	BTFSC      PORTE, 1
0x009E	0x28A1      	GOTO       L__Manual_Mode155
0x009F	0x1009      	BCF        PORTE, 0
0x00A0	0x28A2      	GOTO       L__Manual_Mode156
L__Manual_Mode155:
0x00A1	0x1409      	BSF        PORTE, 0
L__Manual_Mode156:
;Traffic Light Control System Project.c,225 :: 		GREEN2 = 1;
0x00A2	0x1509      	BSF        PORTE, 2
;Traffic Light Control System Project.c,226 :: 		}
L_Manual_Mode66:
L_Manual_Mode63:
;Traffic Light Control System Project.c,227 :: 		}
L_end_Manual_Mode:
0x00A3	0x0008      	RETURN
; end of _Manual_Mode
_Auto_Manual:
;Traffic Light Control System Project.c,73 :: 		void Auto_Manual(){
;Traffic Light Control System Project.c,75 :: 		while (PORTB.B1 == 1) {
L_Auto_Manual6:
0x00A4	0x1283      	BCF        STATUS, 5
0x00A5	0x1303      	BCF        STATUS, 6
0x00A6	0x1C86      	BTFSS      PORTB, 1
0x00A7	0x28BF      	GOTO       L_Auto_Manual7
;Traffic Light Control System Project.c,76 :: 		SEG1 = SEG2 = SEG3 = SEG4 = 0;
0x00A8	0x1188      	BCF        PORTD, 3
0x00A9	0x1988      	BTFSC      PORTD, 3
0x00AA	0x28AD      	GOTO       L__Auto_Manual83
0x00AB	0x1108      	BCF        PORTD, 2
0x00AC	0x28AE      	GOTO       L__Auto_Manual84
L__Auto_Manual83:
0x00AD	0x1508      	BSF        PORTD, 2
L__Auto_Manual84:
0x00AE	0x1908      	BTFSC      PORTD, 2
0x00AF	0x28B2      	GOTO       L__Auto_Manual85
0x00B0	0x1088      	BCF        PORTD, 1
0x00B1	0x28B3      	GOTO       L__Auto_Manual86
L__Auto_Manual85:
0x00B2	0x1488      	BSF        PORTD, 1
L__Auto_Manual86:
0x00B3	0x1888      	BTFSC      PORTD, 1
0x00B4	0x28B7      	GOTO       L__Auto_Manual87
0x00B5	0x1008      	BCF        PORTD, 0
0x00B6	0x28B8      	GOTO       L__Auto_Manual88
L__Auto_Manual87:
0x00B7	0x1408      	BSF        PORTD, 0
L__Auto_Manual88:
;Traffic Light Control System Project.c,77 :: 		if(manual_flag == 1){
0x00B8	0x0834      	MOVF       _manual_flag, 0
0x00B9	0x3A01      	XORLW      1
0x00BA	0x1D03      	BTFSS      STATUS, 2
0x00BB	0x28BE      	GOTO       L_Auto_Manual8
;Traffic Light Control System Project.c,78 :: 		manual_flag = 0;
0x00BC	0x01B4      	CLRF       _manual_flag
;Traffic Light Control System Project.c,79 :: 		Manual_Mode();
0x00BD	0x2017      	CALL       _Manual_Mode
;Traffic Light Control System Project.c,80 :: 		}
L_Auto_Manual8:
;Traffic Light Control System Project.c,81 :: 		}
0x00BE	0x28A4      	GOTO       L_Auto_Manual6
L_Auto_Manual7:
;Traffic Light Control System Project.c,82 :: 		SEG1 = SEG2 = SEG3 = SEG4 = 1;
0x00BF	0x1588      	BSF        PORTD, 3
0x00C0	0x1988      	BTFSC      PORTD, 3
0x00C1	0x28C4      	GOTO       L__Auto_Manual89
0x00C2	0x1108      	BCF        PORTD, 2
0x00C3	0x28C5      	GOTO       L__Auto_Manual90
L__Auto_Manual89:
0x00C4	0x1508      	BSF        PORTD, 2
L__Auto_Manual90:
0x00C5	0x1908      	BTFSC      PORTD, 2
0x00C6	0x28C9      	GOTO       L__Auto_Manual91
0x00C7	0x1088      	BCF        PORTD, 1
0x00C8	0x28CA      	GOTO       L__Auto_Manual92
L__Auto_Manual91:
0x00C9	0x1488      	BSF        PORTD, 1
L__Auto_Manual92:
0x00CA	0x1888      	BTFSC      PORTD, 1
0x00CB	0x28CE      	GOTO       L__Auto_Manual93
0x00CC	0x1008      	BCF        PORTD, 0
0x00CD	0x28CF      	GOTO       L__Auto_Manual94
L__Auto_Manual93:
0x00CE	0x1408      	BSF        PORTD, 0
L__Auto_Manual94:
;Traffic Light Control System Project.c,83 :: 		}
L_end_Auto_Manual:
0x00CF	0x0008      	RETURN
; end of _Auto_Manual
_____DoICP:
;__Lib_System.c,6 :: 		
;__Lib_System.c,9 :: 		
0x00D0	0x1283      	BCF        STATUS, 5
0x00D1	0x1303      	BCF        STATUS, 6
0x00D2	0x0836      	MOVF       ___DoICPAddr+1, 0
0x00D3	0x008A      	MOVWF      PCLATH
;__Lib_System.c,10 :: 		
0x00D4	0x0835      	MOVF       ___DoICPAddr, 0
0x00D5	0x0082      	MOVWF      PCL
;__Lib_System.c,12 :: 		
L_end_____DoICP:
0x00D6	0x0008      	RETURN
; end of _____DoICP
_Automatic_Mode:
;Traffic Light Control System Project.c,87 :: 		void Automatic_Mode(){
;Traffic Light Control System Project.c,89 :: 		SEG1 = SEG2 = SEG3 = SEG4 = 1;
0x00D7	0x1283      	BCF        STATUS, 5
0x00D8	0x1303      	BCF        STATUS, 6
0x00D9	0x1588      	BSF        PORTD, 3
0x00DA	0x1988      	BTFSC      PORTD, 3
0x00DB	0x28DE      	GOTO       L__Automatic_Mode96
0x00DC	0x1108      	BCF        PORTD, 2
0x00DD	0x28DF      	GOTO       L__Automatic_Mode97
L__Automatic_Mode96:
0x00DE	0x1508      	BSF        PORTD, 2
L__Automatic_Mode97:
0x00DF	0x1908      	BTFSC      PORTD, 2
0x00E0	0x28E3      	GOTO       L__Automatic_Mode98
0x00E1	0x1088      	BCF        PORTD, 1
0x00E2	0x28E4      	GOTO       L__Automatic_Mode99
L__Automatic_Mode98:
0x00E3	0x1488      	BSF        PORTD, 1
L__Automatic_Mode99:
0x00E4	0x1888      	BTFSC      PORTD, 1
0x00E5	0x28E8      	GOTO       L__Automatic_Mode100
0x00E6	0x1008      	BCF        PORTD, 0
0x00E7	0x28E9      	GOTO       L__Automatic_Mode101
L__Automatic_Mode100:
0x00E8	0x1408      	BSF        PORTD, 0
L__Automatic_Mode101:
;Traffic Light Control System Project.c,91 :: 		if(RED1 == 1){
0x00E9	0x1C05      	BTFSS      PORTA, 0
0x00EA	0x299F      	GOTO       L_Automatic_Mode9
;Traffic Light Control System Project.c,93 :: 		AUTO1 :{  while (1){
___Automatic_Mode_AUTO1:
L_Automatic_Mode10:
;Traffic Light Control System Project.c,94 :: 		for(counter = 0; counter < 20; counter++){
0x00EB	0x01B7      	CLRF       _counter
L_Automatic_Mode12:
0x00EC	0x3014      	MOVLW      20
0x00ED	0x0237      	SUBWF      _counter, 0
0x00EE	0x1803      	BTFSC      STATUS, 0
0x00EF	0x2917      	GOTO       L_Automatic_Mode13
;Traffic Light Control System Project.c,95 :: 		RED1 = 1; // Red is on & street1 is closed
0x00F0	0x1405      	BSF        PORTA, 0
;Traffic Light Control System Project.c,96 :: 		YELLOW1 = GREEN1 = 0;
0x00F1	0x1105      	BCF        PORTA, 2
0x00F2	0x1905      	BTFSC      PORTA, 2
0x00F3	0x28F6      	GOTO       L__Automatic_Mode102
0x00F4	0x1085      	BCF        PORTA, 1
0x00F5	0x28F7      	GOTO       L__Automatic_Mode103
L__Automatic_Mode102:
0x00F6	0x1485      	BSF        PORTA, 1
L__Automatic_Mode103:
;Traffic Light Control System Project.c,97 :: 		RED2 = YELLOW2 = 0;
0x00F7	0x1089      	BCF        PORTE, 1
0x00F8	0x1889      	BTFSC      PORTE, 1
0x00F9	0x28FC      	GOTO       L__Automatic_Mode104
0x00FA	0x1009      	BCF        PORTE, 0
0x00FB	0x28FD      	GOTO       L__Automatic_Mode105
L__Automatic_Mode104:
0x00FC	0x1409      	BSF        PORTE, 0
L__Automatic_Mode105:
;Traffic Light Control System Project.c,98 :: 		GREEN2 = 1;   // Green is on   street2 is opened
0x00FD	0x1509      	BSF        PORTE, 2
;Traffic Light Control System Project.c,99 :: 		PORTC = display[counter];   // count down from 20 to 0
0x00FE	0x0837      	MOVF       _counter, 0
0x00FF	0x3E20      	ADDLW      _display
0x0100	0x0084      	MOVWF      FSR
0x0101	0x0800      	MOVF       INDF, 0
0x0102	0x0087      	MOVWF      PORTC
;Traffic Light Control System Project.c,100 :: 		Delay_ms(wait);
0x0103	0x3004      	MOVLW      4
0x0104	0x00FB      	MOVWF      R11
0x0105	0x300C      	MOVLW      12
0x0106	0x00FC      	MOVWF      R12
0x0107	0x3033      	MOVLW      51
0x0108	0x00FD      	MOVWF      R13
L_Automatic_Mode15:
0x0109	0x0BFD      	DECFSZ     R13, 1
0x010A	0x2909      	GOTO       L_Automatic_Mode15
0x010B	0x0BFC      	DECFSZ     R12, 1
0x010C	0x2909      	GOTO       L_Automatic_Mode15
0x010D	0x0BFB      	DECFSZ     R11, 1
0x010E	0x2909      	GOTO       L_Automatic_Mode15
0x010F	0x0000      	NOP
0x0110	0x0000      	NOP
;Traffic Light Control System Project.c,101 :: 		Auto_Manual();
0x0111	0x20A4      	CALL       _Auto_Manual
;Traffic Light Control System Project.c,102 :: 		if (GREEN1 == 1) goto AUTO2 ;
0x0112	0x1D05      	BTFSS      PORTA, 2
0x0113	0x2915      	GOTO       L_Automatic_Mode16
0x0114	0x29A1      	GOTO       ___Automatic_Mode_AUTO2
L_Automatic_Mode16:
;Traffic Light Control System Project.c,94 :: 		for(counter = 0; counter < 20; counter++){
0x0115	0x0AB7      	INCF       _counter, 1
;Traffic Light Control System Project.c,104 :: 		}
0x0116	0x28EC      	GOTO       L_Automatic_Mode12
L_Automatic_Mode13:
;Traffic Light Control System Project.c,106 :: 		for(counter = 17; counter < 20; counter++){
0x0117	0x3011      	MOVLW      17
0x0118	0x00B7      	MOVWF      _counter
L_Automatic_Mode17:
0x0119	0x3014      	MOVLW      20
0x011A	0x0237      	SUBWF      _counter, 0
0x011B	0x1803      	BTFSC      STATUS, 0
0x011C	0x2944      	GOTO       L_Automatic_Mode18
;Traffic Light Control System Project.c,107 :: 		RED1 = 1;
0x011D	0x1405      	BSF        PORTA, 0
;Traffic Light Control System Project.c,108 :: 		YELLOW1 = GREEN1 = 0;
0x011E	0x1105      	BCF        PORTA, 2
0x011F	0x1905      	BTFSC      PORTA, 2
0x0120	0x2923      	GOTO       L__Automatic_Mode106
0x0121	0x1085      	BCF        PORTA, 1
0x0122	0x2924      	GOTO       L__Automatic_Mode107
L__Automatic_Mode106:
0x0123	0x1485      	BSF        PORTA, 1
L__Automatic_Mode107:
;Traffic Light Control System Project.c,109 :: 		RED2 = GREEN2 = 0;
0x0124	0x1109      	BCF        PORTE, 2
0x0125	0x1909      	BTFSC      PORTE, 2
0x0126	0x2929      	GOTO       L__Automatic_Mode108
0x0127	0x1009      	BCF        PORTE, 0
0x0128	0x292A      	GOTO       L__Automatic_Mode109
L__Automatic_Mode108:
0x0129	0x1409      	BSF        PORTE, 0
L__Automatic_Mode109:
;Traffic Light Control System Project.c,110 :: 		YELLOW2 = 1;    // Red is still on & Yellow is on street1 is closed & street2 is ready
0x012A	0x1489      	BSF        PORTE, 1
;Traffic Light Control System Project.c,111 :: 		PORTC = display[counter]; // count down from 3 to 0
0x012B	0x0837      	MOVF       _counter, 0
0x012C	0x3E20      	ADDLW      _display
0x012D	0x0084      	MOVWF      FSR
0x012E	0x0800      	MOVF       INDF, 0
0x012F	0x0087      	MOVWF      PORTC
;Traffic Light Control System Project.c,112 :: 		Delay_ms(wait);
0x0130	0x3004      	MOVLW      4
0x0131	0x00FB      	MOVWF      R11
0x0132	0x300C      	MOVLW      12
0x0133	0x00FC      	MOVWF      R12
0x0134	0x3033      	MOVLW      51
0x0135	0x00FD      	MOVWF      R13
L_Automatic_Mode20:
0x0136	0x0BFD      	DECFSZ     R13, 1
0x0137	0x2936      	GOTO       L_Automatic_Mode20
0x0138	0x0BFC      	DECFSZ     R12, 1
0x0139	0x2936      	GOTO       L_Automatic_Mode20
0x013A	0x0BFB      	DECFSZ     R11, 1
0x013B	0x2936      	GOTO       L_Automatic_Mode20
0x013C	0x0000      	NOP
0x013D	0x0000      	NOP
;Traffic Light Control System Project.c,113 :: 		Auto_Manual();
0x013E	0x20A4      	CALL       _Auto_Manual
;Traffic Light Control System Project.c,114 :: 		if (GREEN1 == 1) goto AUTO2;
0x013F	0x1D05      	BTFSS      PORTA, 2
0x0140	0x2942      	GOTO       L_Automatic_Mode21
0x0141	0x29A1      	GOTO       ___Automatic_Mode_AUTO2
L_Automatic_Mode21:
;Traffic Light Control System Project.c,106 :: 		for(counter = 17; counter < 20; counter++){
0x0142	0x0AB7      	INCF       _counter, 1
;Traffic Light Control System Project.c,115 :: 		}
0x0143	0x2919      	GOTO       L_Automatic_Mode17
L_Automatic_Mode18:
;Traffic Light Control System Project.c,117 :: 		for(counter=8;counter<20;counter++){
0x0144	0x3008      	MOVLW      8
0x0145	0x00B7      	MOVWF      _counter
L_Automatic_Mode22:
0x0146	0x3014      	MOVLW      20
0x0147	0x0237      	SUBWF      _counter, 0
0x0148	0x1803      	BTFSC      STATUS, 0
0x0149	0x2971      	GOTO       L_Automatic_Mode23
;Traffic Light Control System Project.c,118 :: 		RED1 = YELLOW1 = 0;
0x014A	0x1085      	BCF        PORTA, 1
0x014B	0x1885      	BTFSC      PORTA, 1
0x014C	0x294F      	GOTO       L__Automatic_Mode110
0x014D	0x1005      	BCF        PORTA, 0
0x014E	0x2950      	GOTO       L__Automatic_Mode111
L__Automatic_Mode110:
0x014F	0x1405      	BSF        PORTA, 0
L__Automatic_Mode111:
;Traffic Light Control System Project.c,119 :: 		GREEN1 = 1;  // Green is on   street1 is opened
0x0150	0x1505      	BSF        PORTA, 2
;Traffic Light Control System Project.c,120 :: 		RED2 = 1;   // Red is on    street2 is closed
0x0151	0x1409      	BSF        PORTE, 0
;Traffic Light Control System Project.c,121 :: 		GREEN2 = YELLOW2 = 0;
0x0152	0x1089      	BCF        PORTE, 1
0x0153	0x1889      	BTFSC      PORTE, 1
0x0154	0x2957      	GOTO       L__Automatic_Mode112
0x0155	0x1109      	BCF        PORTE, 2
0x0156	0x2958      	GOTO       L__Automatic_Mode113
L__Automatic_Mode112:
0x0157	0x1509      	BSF        PORTE, 2
L__Automatic_Mode113:
;Traffic Light Control System Project.c,122 :: 		PORTC = display[counter];  // Count down from 12 to 0
0x0158	0x0837      	MOVF       _counter, 0
0x0159	0x3E20      	ADDLW      _display
0x015A	0x0084      	MOVWF      FSR
0x015B	0x0800      	MOVF       INDF, 0
0x015C	0x0087      	MOVWF      PORTC
;Traffic Light Control System Project.c,123 :: 		Delay_ms(wait);
0x015D	0x3004      	MOVLW      4
0x015E	0x00FB      	MOVWF      R11
0x015F	0x300C      	MOVLW      12
0x0160	0x00FC      	MOVWF      R12
0x0161	0x3033      	MOVLW      51
0x0162	0x00FD      	MOVWF      R13
L_Automatic_Mode25:
0x0163	0x0BFD      	DECFSZ     R13, 1
0x0164	0x2963      	GOTO       L_Automatic_Mode25
0x0165	0x0BFC      	DECFSZ     R12, 1
0x0166	0x2963      	GOTO       L_Automatic_Mode25
0x0167	0x0BFB      	DECFSZ     R11, 1
0x0168	0x2963      	GOTO       L_Automatic_Mode25
0x0169	0x0000      	NOP
0x016A	0x0000      	NOP
;Traffic Light Control System Project.c,124 :: 		Auto_Manual();
0x016B	0x20A4      	CALL       _Auto_Manual
;Traffic Light Control System Project.c,125 :: 		if (RED1 == 1) goto AUTO1 ;
0x016C	0x1C05      	BTFSS      PORTA, 0
0x016D	0x296F      	GOTO       L_Automatic_Mode26
0x016E	0x28EB      	GOTO       ___Automatic_Mode_AUTO1
L_Automatic_Mode26:
;Traffic Light Control System Project.c,117 :: 		for(counter=8;counter<20;counter++){
0x016F	0x0AB7      	INCF       _counter, 1
;Traffic Light Control System Project.c,126 :: 		}
0x0170	0x2946      	GOTO       L_Automatic_Mode22
L_Automatic_Mode23:
;Traffic Light Control System Project.c,128 :: 		for(counter=17;counter<20;counter++){
0x0171	0x3011      	MOVLW      17
0x0172	0x00B7      	MOVWF      _counter
L_Automatic_Mode27:
0x0173	0x3014      	MOVLW      20
0x0174	0x0237      	SUBWF      _counter, 0
0x0175	0x1803      	BTFSC      STATUS, 0
0x0176	0x299E      	GOTO       L_Automatic_Mode28
;Traffic Light Control System Project.c,129 :: 		RED1 = GREEN1 = 0;
0x0177	0x1105      	BCF        PORTA, 2
0x0178	0x1905      	BTFSC      PORTA, 2
0x0179	0x297C      	GOTO       L__Automatic_Mode114
0x017A	0x1005      	BCF        PORTA, 0
0x017B	0x297D      	GOTO       L__Automatic_Mode115
L__Automatic_Mode114:
0x017C	0x1405      	BSF        PORTA, 0
L__Automatic_Mode115:
;Traffic Light Control System Project.c,130 :: 		YELLOW1 = 1;   //Red is still on & Yellow is on   street2 is closed & street1 is ready
0x017D	0x1485      	BSF        PORTA, 1
;Traffic Light Control System Project.c,131 :: 		RED2 =1;
0x017E	0x1409      	BSF        PORTE, 0
;Traffic Light Control System Project.c,132 :: 		GREEN2 = YELLOW2 = 0;
0x017F	0x1089      	BCF        PORTE, 1
0x0180	0x1889      	BTFSC      PORTE, 1
0x0181	0x2984      	GOTO       L__Automatic_Mode116
0x0182	0x1109      	BCF        PORTE, 2
0x0183	0x2985      	GOTO       L__Automatic_Mode117
L__Automatic_Mode116:
0x0184	0x1509      	BSF        PORTE, 2
L__Automatic_Mode117:
;Traffic Light Control System Project.c,133 :: 		PORTC = display[counter];   // Count down from 3 to 0
0x0185	0x0837      	MOVF       _counter, 0
0x0186	0x3E20      	ADDLW      _display
0x0187	0x0084      	MOVWF      FSR
0x0188	0x0800      	MOVF       INDF, 0
0x0189	0x0087      	MOVWF      PORTC
;Traffic Light Control System Project.c,134 :: 		Delay_ms(wait);
0x018A	0x3004      	MOVLW      4
0x018B	0x00FB      	MOVWF      R11
0x018C	0x300C      	MOVLW      12
0x018D	0x00FC      	MOVWF      R12
0x018E	0x3033      	MOVLW      51
0x018F	0x00FD      	MOVWF      R13
L_Automatic_Mode30:
0x0190	0x0BFD      	DECFSZ     R13, 1
0x0191	0x2990      	GOTO       L_Automatic_Mode30
0x0192	0x0BFC      	DECFSZ     R12, 1
0x0193	0x2990      	GOTO       L_Automatic_Mode30
0x0194	0x0BFB      	DECFSZ     R11, 1
0x0195	0x2990      	GOTO       L_Automatic_Mode30
0x0196	0x0000      	NOP
0x0197	0x0000      	NOP
;Traffic Light Control System Project.c,135 :: 		Auto_Manual();
0x0198	0x20A4      	CALL       _Auto_Manual
;Traffic Light Control System Project.c,136 :: 		if (GREEN1 == 1) goto AUTO2;
0x0199	0x1D05      	BTFSS      PORTA, 2
0x019A	0x299C      	GOTO       L_Automatic_Mode31
0x019B	0x29A1      	GOTO       ___Automatic_Mode_AUTO2
L_Automatic_Mode31:
;Traffic Light Control System Project.c,128 :: 		for(counter=17;counter<20;counter++){
0x019C	0x0AB7      	INCF       _counter, 1
;Traffic Light Control System Project.c,137 :: 		}
0x019D	0x2973      	GOTO       L_Automatic_Mode27
L_Automatic_Mode28:
;Traffic Light Control System Project.c,138 :: 		}
0x019E	0x28EB      	GOTO       L_Automatic_Mode10
;Traffic Light Control System Project.c,140 :: 		}
L_Automatic_Mode9:
;Traffic Light Control System Project.c,142 :: 		else if (GREEN1 == 1) {
0x019F	0x1D05      	BTFSS      PORTA, 2
0x01A0	0x2A55      	GOTO       L_Automatic_Mode33
;Traffic Light Control System Project.c,144 :: 		AUTO2:{  while (1){
___Automatic_Mode_AUTO2:
L_Automatic_Mode34:
;Traffic Light Control System Project.c,146 :: 		for(counter = 0; counter < 20; counter++){
0x01A1	0x01B7      	CLRF       _counter
L_Automatic_Mode36:
0x01A2	0x3014      	MOVLW      20
0x01A3	0x0237      	SUBWF      _counter, 0
0x01A4	0x1803      	BTFSC      STATUS, 0
0x01A5	0x29CD      	GOTO       L_Automatic_Mode37
;Traffic Light Control System Project.c,147 :: 		GREEN1 = 1; // Green is on & street1 is opened
0x01A6	0x1505      	BSF        PORTA, 2
;Traffic Light Control System Project.c,148 :: 		YELLOW1 = RED1 = 0;
0x01A7	0x1005      	BCF        PORTA, 0
0x01A8	0x1805      	BTFSC      PORTA, 0
0x01A9	0x29AC      	GOTO       L__Automatic_Mode118
0x01AA	0x1085      	BCF        PORTA, 1
0x01AB	0x29AD      	GOTO       L__Automatic_Mode119
L__Automatic_Mode118:
0x01AC	0x1485      	BSF        PORTA, 1
L__Automatic_Mode119:
;Traffic Light Control System Project.c,149 :: 		GREEN2 = YELLOW2 = 0;
0x01AD	0x1089      	BCF        PORTE, 1
0x01AE	0x1889      	BTFSC      PORTE, 1
0x01AF	0x29B2      	GOTO       L__Automatic_Mode120
0x01B0	0x1109      	BCF        PORTE, 2
0x01B1	0x29B3      	GOTO       L__Automatic_Mode121
L__Automatic_Mode120:
0x01B2	0x1509      	BSF        PORTE, 2
L__Automatic_Mode121:
;Traffic Light Control System Project.c,150 :: 		RED2 = 1;   // Red is on & street2 is Closed
0x01B3	0x1409      	BSF        PORTE, 0
;Traffic Light Control System Project.c,151 :: 		PORTC = display[counter];   // count down from 20 to 0
0x01B4	0x0837      	MOVF       _counter, 0
0x01B5	0x3E20      	ADDLW      _display
0x01B6	0x0084      	MOVWF      FSR
0x01B7	0x0800      	MOVF       INDF, 0
0x01B8	0x0087      	MOVWF      PORTC
;Traffic Light Control System Project.c,152 :: 		Delay_ms(wait);
0x01B9	0x3004      	MOVLW      4
0x01BA	0x00FB      	MOVWF      R11
0x01BB	0x300C      	MOVLW      12
0x01BC	0x00FC      	MOVWF      R12
0x01BD	0x3033      	MOVLW      51
0x01BE	0x00FD      	MOVWF      R13
L_Automatic_Mode39:
0x01BF	0x0BFD      	DECFSZ     R13, 1
0x01C0	0x29BF      	GOTO       L_Automatic_Mode39
0x01C1	0x0BFC      	DECFSZ     R12, 1
0x01C2	0x29BF      	GOTO       L_Automatic_Mode39
0x01C3	0x0BFB      	DECFSZ     R11, 1
0x01C4	0x29BF      	GOTO       L_Automatic_Mode39
0x01C5	0x0000      	NOP
0x01C6	0x0000      	NOP
;Traffic Light Control System Project.c,153 :: 		Auto_Manual();
0x01C7	0x20A4      	CALL       _Auto_Manual
;Traffic Light Control System Project.c,154 :: 		if (RED1 == 1) goto AUTO1;
0x01C8	0x1C05      	BTFSS      PORTA, 0
0x01C9	0x29CB      	GOTO       L_Automatic_Mode40
0x01CA	0x28EB      	GOTO       ___Automatic_Mode_AUTO1
L_Automatic_Mode40:
;Traffic Light Control System Project.c,146 :: 		for(counter = 0; counter < 20; counter++){
0x01CB	0x0AB7      	INCF       _counter, 1
;Traffic Light Control System Project.c,155 :: 		}
0x01CC	0x29A2      	GOTO       L_Automatic_Mode36
L_Automatic_Mode37:
;Traffic Light Control System Project.c,157 :: 		for(counter = 17; counter < 20; counter++){
0x01CD	0x3011      	MOVLW      17
0x01CE	0x00B7      	MOVWF      _counter
L_Automatic_Mode41:
0x01CF	0x3014      	MOVLW      20
0x01D0	0x0237      	SUBWF      _counter, 0
0x01D1	0x1803      	BTFSC      STATUS, 0
0x01D2	0x29FA      	GOTO       L_Automatic_Mode42
;Traffic Light Control System Project.c,158 :: 		YELLOW1 = 1;
0x01D3	0x1485      	BSF        PORTA, 1
;Traffic Light Control System Project.c,159 :: 		RED1 = GREEN1 = 0;
0x01D4	0x1105      	BCF        PORTA, 2
0x01D5	0x1905      	BTFSC      PORTA, 2
0x01D6	0x29D9      	GOTO       L__Automatic_Mode122
0x01D7	0x1005      	BCF        PORTA, 0
0x01D8	0x29DA      	GOTO       L__Automatic_Mode123
L__Automatic_Mode122:
0x01D9	0x1405      	BSF        PORTA, 0
L__Automatic_Mode123:
;Traffic Light Control System Project.c,160 :: 		YELLOW2 = GREEN2 = 0;
0x01DA	0x1109      	BCF        PORTE, 2
0x01DB	0x1909      	BTFSC      PORTE, 2
0x01DC	0x29DF      	GOTO       L__Automatic_Mode124
0x01DD	0x1089      	BCF        PORTE, 1
0x01DE	0x29E0      	GOTO       L__Automatic_Mode125
L__Automatic_Mode124:
0x01DF	0x1489      	BSF        PORTE, 1
L__Automatic_Mode125:
;Traffic Light Control System Project.c,161 :: 		RED2 = 1;    // Red is still on & Yellow is on. street2 is closed street1 is ready
0x01E0	0x1409      	BSF        PORTE, 0
;Traffic Light Control System Project.c,162 :: 		PORTC = display[counter]; // count down from 3 to 0
0x01E1	0x0837      	MOVF       _counter, 0
0x01E2	0x3E20      	ADDLW      _display
0x01E3	0x0084      	MOVWF      FSR
0x01E4	0x0800      	MOVF       INDF, 0
0x01E5	0x0087      	MOVWF      PORTC
;Traffic Light Control System Project.c,163 :: 		Delay_ms(wait);
0x01E6	0x3004      	MOVLW      4
0x01E7	0x00FB      	MOVWF      R11
0x01E8	0x300C      	MOVLW      12
0x01E9	0x00FC      	MOVWF      R12
0x01EA	0x3033      	MOVLW      51
0x01EB	0x00FD      	MOVWF      R13
L_Automatic_Mode44:
0x01EC	0x0BFD      	DECFSZ     R13, 1
0x01ED	0x29EC      	GOTO       L_Automatic_Mode44
0x01EE	0x0BFC      	DECFSZ     R12, 1
0x01EF	0x29EC      	GOTO       L_Automatic_Mode44
0x01F0	0x0BFB      	DECFSZ     R11, 1
0x01F1	0x29EC      	GOTO       L_Automatic_Mode44
0x01F2	0x0000      	NOP
0x01F3	0x0000      	NOP
;Traffic Light Control System Project.c,164 :: 		Auto_Manual();
0x01F4	0x20A4      	CALL       _Auto_Manual
;Traffic Light Control System Project.c,165 :: 		if (RED1 == 1) goto AUTO1;
0x01F5	0x1C05      	BTFSS      PORTA, 0
0x01F6	0x29F8      	GOTO       L_Automatic_Mode45
0x01F7	0x28EB      	GOTO       ___Automatic_Mode_AUTO1
L_Automatic_Mode45:
;Traffic Light Control System Project.c,157 :: 		for(counter = 17; counter < 20; counter++){
0x01F8	0x0AB7      	INCF       _counter, 1
;Traffic Light Control System Project.c,166 :: 		}
0x01F9	0x29CF      	GOTO       L_Automatic_Mode41
L_Automatic_Mode42:
;Traffic Light Control System Project.c,167 :: 		for(counter=8;counter<20;counter++){
0x01FA	0x3008      	MOVLW      8
0x01FB	0x00B7      	MOVWF      _counter
L_Automatic_Mode46:
0x01FC	0x3014      	MOVLW      20
0x01FD	0x0237      	SUBWF      _counter, 0
0x01FE	0x1803      	BTFSC      STATUS, 0
0x01FF	0x2A27      	GOTO       L_Automatic_Mode47
;Traffic Light Control System Project.c,168 :: 		GREEN1 = YELLOW1 = 0;
0x0200	0x1085      	BCF        PORTA, 1
0x0201	0x1885      	BTFSC      PORTA, 1
0x0202	0x2A05      	GOTO       L__Automatic_Mode126
0x0203	0x1105      	BCF        PORTA, 2
0x0204	0x2A06      	GOTO       L__Automatic_Mode127
L__Automatic_Mode126:
0x0205	0x1505      	BSF        PORTA, 2
L__Automatic_Mode127:
;Traffic Light Control System Project.c,169 :: 		RED1 = 1;   // Red is on    street1 is closed
0x0206	0x1405      	BSF        PORTA, 0
;Traffic Light Control System Project.c,170 :: 		GREEN2 = 1;  // Green is on   street2 is opened
0x0207	0x1509      	BSF        PORTE, 2
;Traffic Light Control System Project.c,171 :: 		RED2 = YELLOW2 = 0;
0x0208	0x1089      	BCF        PORTE, 1
0x0209	0x1889      	BTFSC      PORTE, 1
0x020A	0x2A0D      	GOTO       L__Automatic_Mode128
0x020B	0x1009      	BCF        PORTE, 0
0x020C	0x2A0E      	GOTO       L__Automatic_Mode129
L__Automatic_Mode128:
0x020D	0x1409      	BSF        PORTE, 0
L__Automatic_Mode129:
;Traffic Light Control System Project.c,172 :: 		PORTC = display[counter];  // Count down from 12 to 0
0x020E	0x0837      	MOVF       _counter, 0
0x020F	0x3E20      	ADDLW      _display
0x0210	0x0084      	MOVWF      FSR
0x0211	0x0800      	MOVF       INDF, 0
0x0212	0x0087      	MOVWF      PORTC
;Traffic Light Control System Project.c,173 :: 		Delay_ms(wait);
0x0213	0x3004      	MOVLW      4
0x0214	0x00FB      	MOVWF      R11
0x0215	0x300C      	MOVLW      12
0x0216	0x00FC      	MOVWF      R12
0x0217	0x3033      	MOVLW      51
0x0218	0x00FD      	MOVWF      R13
L_Automatic_Mode49:
0x0219	0x0BFD      	DECFSZ     R13, 1
0x021A	0x2A19      	GOTO       L_Automatic_Mode49
0x021B	0x0BFC      	DECFSZ     R12, 1
0x021C	0x2A19      	GOTO       L_Automatic_Mode49
0x021D	0x0BFB      	DECFSZ     R11, 1
0x021E	0x2A19      	GOTO       L_Automatic_Mode49
0x021F	0x0000      	NOP
0x0220	0x0000      	NOP
;Traffic Light Control System Project.c,174 :: 		Auto_Manual();
0x0221	0x20A4      	CALL       _Auto_Manual
;Traffic Light Control System Project.c,175 :: 		if (GREEN1 == 1) goto AUTO2;
0x0222	0x1D05      	BTFSS      PORTA, 2
0x0223	0x2A25      	GOTO       L_Automatic_Mode50
0x0224	0x29A1      	GOTO       ___Automatic_Mode_AUTO2
L_Automatic_Mode50:
;Traffic Light Control System Project.c,167 :: 		for(counter=8;counter<20;counter++){
0x0225	0x0AB7      	INCF       _counter, 1
;Traffic Light Control System Project.c,176 :: 		}
0x0226	0x29FC      	GOTO       L_Automatic_Mode46
L_Automatic_Mode47:
;Traffic Light Control System Project.c,177 :: 		for(counter=17;counter<20;counter++){
0x0227	0x3011      	MOVLW      17
0x0228	0x00B7      	MOVWF      _counter
L_Automatic_Mode51:
0x0229	0x3014      	MOVLW      20
0x022A	0x0237      	SUBWF      _counter, 0
0x022B	0x1803      	BTFSC      STATUS, 0
0x022C	0x2A54      	GOTO       L_Automatic_Mode52
;Traffic Light Control System Project.c,178 :: 		YELLOW1 = GREEN1 = 0;
0x022D	0x1105      	BCF        PORTA, 2
0x022E	0x1905      	BTFSC      PORTA, 2
0x022F	0x2A32      	GOTO       L__Automatic_Mode130
0x0230	0x1085      	BCF        PORTA, 1
0x0231	0x2A33      	GOTO       L__Automatic_Mode131
L__Automatic_Mode130:
0x0232	0x1485      	BSF        PORTA, 1
L__Automatic_Mode131:
;Traffic Light Control System Project.c,179 :: 		RED1 = 1;   //Red is still on & Yellow is on  street1 is closed & street2 is ready
0x0233	0x1405      	BSF        PORTA, 0
;Traffic Light Control System Project.c,180 :: 		YELLOW2 =1;
0x0234	0x1489      	BSF        PORTE, 1
;Traffic Light Control System Project.c,181 :: 		GREEN2 = RED2 = 0;
0x0235	0x1009      	BCF        PORTE, 0
0x0236	0x1809      	BTFSC      PORTE, 0
0x0237	0x2A3A      	GOTO       L__Automatic_Mode132
0x0238	0x1109      	BCF        PORTE, 2
0x0239	0x2A3B      	GOTO       L__Automatic_Mode133
L__Automatic_Mode132:
0x023A	0x1509      	BSF        PORTE, 2
L__Automatic_Mode133:
;Traffic Light Control System Project.c,182 :: 		PORTC = display[counter];   // Count down from 3 to 0
0x023B	0x0837      	MOVF       _counter, 0
0x023C	0x3E20      	ADDLW      _display
0x023D	0x0084      	MOVWF      FSR
0x023E	0x0800      	MOVF       INDF, 0
0x023F	0x0087      	MOVWF      PORTC
;Traffic Light Control System Project.c,183 :: 		Delay_ms(wait);
0x0240	0x3004      	MOVLW      4
0x0241	0x00FB      	MOVWF      R11
0x0242	0x300C      	MOVLW      12
0x0243	0x00FC      	MOVWF      R12
0x0244	0x3033      	MOVLW      51
0x0245	0x00FD      	MOVWF      R13
L_Automatic_Mode54:
0x0246	0x0BFD      	DECFSZ     R13, 1
0x0247	0x2A46      	GOTO       L_Automatic_Mode54
0x0248	0x0BFC      	DECFSZ     R12, 1
0x0249	0x2A46      	GOTO       L_Automatic_Mode54
0x024A	0x0BFB      	DECFSZ     R11, 1
0x024B	0x2A46      	GOTO       L_Automatic_Mode54
0x024C	0x0000      	NOP
0x024D	0x0000      	NOP
;Traffic Light Control System Project.c,184 :: 		Auto_Manual();
0x024E	0x20A4      	CALL       _Auto_Manual
;Traffic Light Control System Project.c,185 :: 		if (RED2 == 1) goto AUTO1;
0x024F	0x1C09      	BTFSS      PORTE, 0
0x0250	0x2A52      	GOTO       L_Automatic_Mode55
0x0251	0x28EB      	GOTO       ___Automatic_Mode_AUTO1
L_Automatic_Mode55:
;Traffic Light Control System Project.c,177 :: 		for(counter=17;counter<20;counter++){
0x0252	0x0AB7      	INCF       _counter, 1
;Traffic Light Control System Project.c,186 :: 		}
0x0253	0x2A29      	GOTO       L_Automatic_Mode51
L_Automatic_Mode52:
;Traffic Light Control System Project.c,187 :: 		}
0x0254	0x29A1      	GOTO       L_Automatic_Mode34
;Traffic Light Control System Project.c,190 :: 		}
L_Automatic_Mode33:
;Traffic Light Control System Project.c,191 :: 		}
L_end_Automatic_Mode:
0x0255	0x0008      	RETURN
; end of _Automatic_Mode
___CC2DW:
;__Lib_System.c,134 :: 		
;__Lib_System.c,137 :: 		
_CC2D_Loop1:
;__Lib_System.c,139 :: 		
0x0256	0x20D0      	CALL       _____DoICP
0x0257	0x118A      	BCF        PCLATH, 3
0x0258	0x120A      	BCF        PCLATH, 4
;__Lib_System.c,141 :: 		
0x0259	0x0080      	MOVWF      INDF
;__Lib_System.c,142 :: 		
0x025A	0x0A84      	INCF       FSR, 1
;__Lib_System.c,143 :: 		
0x025B	0x0AB5      	INCF       ___DoICPAddr, 1
;__Lib_System.c,145 :: 		
0x025C	0x1903      	BTFSC      STATUS, 2
;__Lib_System.c,146 :: 		
0x025D	0x0AB6      	INCF       ___DoICPAddr+1, 1
;__Lib_System.c,147 :: 		
0x025E	0x03F0      	DECF       R0, 1
;__Lib_System.c,149 :: 		
0x025F	0x1D03      	BTFSS      STATUS, 2
;__Lib_System.c,150 :: 		
0x0260	0x2A56      	GOTO       _CC2D_Loop1
;__Lib_System.c,152 :: 		
L_end___CC2DW:
0x0261	0x0008      	RETURN
; end of ___CC2DW
_main:
0x0262	0x3020      	MOVLW      32
0x0263	0x1283      	BCF        STATUS, 5
0x0264	0x1303      	BCF        STATUS, 6
0x0265	0x00A0      	MOVWF      _display
0x0266	0x3019      	MOVLW      25
0x0267	0x00A1      	MOVWF      33
0x0268	0x3018      	MOVLW      24
0x0269	0x00A2      	MOVWF      34
0x026A	0x3017      	MOVLW      23
0x026B	0x00A3      	MOVWF      35
0x026C	0x3016      	MOVLW      22
0x026D	0x00A4      	MOVWF      36
0x026E	0x3015      	MOVLW      21
0x026F	0x00A5      	MOVWF      37
0x0270	0x3014      	MOVLW      20
0x0271	0x00A6      	MOVWF      38
0x0272	0x3013      	MOVLW      19
0x0273	0x00A7      	MOVWF      39
0x0274	0x3012      	MOVLW      18
0x0275	0x00A8      	MOVWF      40
0x0276	0x3011      	MOVLW      17
0x0277	0x00A9      	MOVWF      41
0x0278	0x3010      	MOVLW      16
0x0279	0x00AA      	MOVWF      42
0x027A	0x3009      	MOVLW      9
0x027B	0x00AB      	MOVWF      43
0x027C	0x3008      	MOVLW      8
0x027D	0x00AC      	MOVWF      44
0x027E	0x3007      	MOVLW      7
0x027F	0x00AD      	MOVWF      45
0x0280	0x3006      	MOVLW      6
0x0281	0x00AE      	MOVWF      46
0x0282	0x3005      	MOVLW      5
0x0283	0x00AF      	MOVWF      47
0x0284	0x3004      	MOVLW      4
0x0285	0x00B0      	MOVWF      48
0x0286	0x3003      	MOVLW      3
0x0287	0x00B1      	MOVWF      49
0x0288	0x3002      	MOVLW      2
0x0289	0x00B2      	MOVWF      50
0x028A	0x3001      	MOVLW      1
0x028B	0x00B3      	MOVWF      51
0x028C	0x01B4      	CLRF       _manual_flag
;Traffic Light Control System Project.c,29 :: 		void main() {
;Traffic Light Control System Project.c,33 :: 		ADCON1=7;
0x028D	0x3007      	MOVLW      7
0x028E	0x1683      	BSF        STATUS, 5
0x028F	0x009F      	MOVWF      ADCON1
;Traffic Light Control System Project.c,35 :: 		TRISC = TRISD = TRISA = TRISE = 0;
0x0290	0x0189      	CLRF       TRISE
0x0291	0x0809      	MOVF       TRISE, 0
0x0292	0x0085      	MOVWF      TRISA
0x0293	0x0805      	MOVF       TRISA, 0
0x0294	0x0088      	MOVWF      TRISD
0x0295	0x0808      	MOVF       TRISD, 0
0x0296	0x0087      	MOVWF      TRISC
;Traffic Light Control System Project.c,36 :: 		TRISB = 0XFF;
0x0297	0x30FF      	MOVLW      255
0x0298	0x0086      	MOVWF      TRISB
;Traffic Light Control System Project.c,38 :: 		SEG1= SEG2 = SEG3 = SEG4 = 0;
0x0299	0x1283      	BCF        STATUS, 5
0x029A	0x1188      	BCF        PORTD, 3
0x029B	0x1988      	BTFSC      PORTD, 3
0x029C	0x2A9F      	GOTO       L__main76
0x029D	0x1108      	BCF        PORTD, 2
0x029E	0x2AA0      	GOTO       L__main77
L__main76:
0x029F	0x1508      	BSF        PORTD, 2
L__main77:
0x02A0	0x1908      	BTFSC      PORTD, 2
0x02A1	0x2AA4      	GOTO       L__main78
0x02A2	0x1088      	BCF        PORTD, 1
0x02A3	0x2AA5      	GOTO       L__main79
L__main78:
0x02A4	0x1488      	BSF        PORTD, 1
L__main79:
0x02A5	0x1888      	BTFSC      PORTD, 1
0x02A6	0x2AA9      	GOTO       L__main80
0x02A7	0x1008      	BCF        PORTD, 0
0x02A8	0x2AAA      	GOTO       L__main81
L__main80:
0x02A9	0x1408      	BSF        PORTD, 0
L__main81:
;Traffic Light Control System Project.c,41 :: 		RED1 = 1;
0x02AA	0x1405      	BSF        PORTA, 0
;Traffic Light Control System Project.c,42 :: 		YELLOW1 = 0;
0x02AB	0x1085      	BCF        PORTA, 1
;Traffic Light Control System Project.c,43 :: 		GREEN1 = 0;
0x02AC	0x1105      	BCF        PORTA, 2
;Traffic Light Control System Project.c,46 :: 		RED2 = 0;
0x02AD	0x1009      	BCF        PORTE, 0
;Traffic Light Control System Project.c,47 :: 		YELLOW2 = 0;
0x02AE	0x1089      	BCF        PORTE, 1
;Traffic Light Control System Project.c,48 :: 		GREEN2 = 1;
0x02AF	0x1509      	BSF        PORTE, 2
;Traffic Light Control System Project.c,51 :: 		GIE_bit = 1 ;
0x02B0	0x178B      	BSF        GIE_bit, BitPos(GIE_bit+0)
;Traffic Light Control System Project.c,52 :: 		INTE_bit = 1 ;
0x02B1	0x160B      	BSF        INTE_bit, BitPos(INTE_bit+0)
;Traffic Light Control System Project.c,53 :: 		NOT_RBPU_bit = 0;
0x02B2	0x1683      	BSF        STATUS, 5
0x02B3	0x1381      	BCF        NOT_RBPU_bit, BitPos(NOT_RBPU_bit+0)
;Traffic Light Control System Project.c,57 :: 		while(1){
L_main1:
;Traffic Light Control System Project.c,58 :: 		if (PORTB.B1 == 0){
0x02B4	0x1283      	BCF        STATUS, 5
0x02B5	0x1886      	BTFSC      PORTB, 1
0x02B6	0x2AB9      	GOTO       L_main3
;Traffic Light Control System Project.c,59 :: 		Automatic_Mode();
0x02B7	0x20D7      	CALL       _Automatic_Mode
;Traffic Light Control System Project.c,60 :: 		}
0x02B8	0x2ABF      	GOTO       L_main4
L_main3:
;Traffic Light Control System Project.c,62 :: 		if(manual_flag == 1){
0x02B9	0x0834      	MOVF       _manual_flag, 0
0x02BA	0x3A01      	XORLW      1
0x02BB	0x1D03      	BTFSS      STATUS, 2
0x02BC	0x2ABF      	GOTO       L_main5
;Traffic Light Control System Project.c,63 :: 		manual_flag = 0;
0x02BD	0x01B4      	CLRF       _manual_flag
;Traffic Light Control System Project.c,64 :: 		Manual_Mode();
0x02BE	0x2017      	CALL       _Manual_Mode
;Traffic Light Control System Project.c,65 :: 		}
L_main5:
;Traffic Light Control System Project.c,66 :: 		}
L_main4:
;Traffic Light Control System Project.c,68 :: 		}
0x02BF	0x2AB4      	GOTO       L_main1
;Traffic Light Control System Project.c,69 :: 		}
L_end_main:
0x02C0	0x2AC0      	GOTO       $+0
; end of _main
Symbol List:
//** Routines locations **
//ADDRESS    SIZE    PROCEDURE
//----------------------------------------------
0x0004      [19]    _interrupt
0x0017     [141]    _Manual_Mode
0x00A4      [44]    _Auto_Manual
0x00D0       [7]    _____DoICP
0x00D7     [383]    _Automatic_Mode
0x0256      [12]    ___CC2DW
0x0262      [95]    _main
//** Variables locations ** 
//ADDRESS    SIZE    VARIABLE
//----------------------------------------------
0x0000       [1]    INDF
0x0002       [1]    PCL
0x0003       [1]    STATUS
0x0004       [1]    FSR
0x0005       [1]    PORTA
0x0006       [1]    PORTB
0x0007       [1]    PORTC
0x0008       [1]    PORTD
0x0009       [1]    PORTE
0x000A       [1]    PCLATH
0x000B       [0]    GIE_bit
0x000B       [0]    INTF_bit
0x000B       [0]    INTE_bit
0x0020      [20]    _display
0x0034       [1]    _manual_flag
0x0035       [2]    ___DoICPAddr
0x0037       [1]    _counter
0x0038       [1]    ___saveSTATUS
0x0039       [1]    ___savePCLATH
0x0070       [1]    R0
0x0071       [1]    R1
0x0072       [1]    R2
0x0073       [1]    R3
0x0074       [1]    R4
0x0075       [1]    R5
0x0076       [1]    R6
0x0077       [1]    R7
0x0078       [1]    R8
0x0079       [1]    R9
0x007A       [1]    R10
0x007B       [1]    R11
0x007C       [1]    R12
0x007D       [1]    R13
0x007E       [1]    R14
0x007F       [1]    R15
0x0081       [0]    NOT_RBPU_bit
0x0085       [1]    TRISA
0x0086       [1]    TRISB
0x0087       [1]    TRISC
0x0088       [1]    TRISD
0x0089       [1]    TRISE
0x009F       [1]    ADCON1
//** Label List: ** 
//----------------------------------------------
  L_interrupt0
  L_main1
  L_main2
  L_main3
  L_main4
  L_main5
  L_Auto_Manual6
  L_Auto_Manual7
  L_Auto_Manual8
  L_Automatic_Mode9
  ___Automatic_Mode_AUTO1
  L_Automatic_Mode10
  L_Automatic_Mode11
  L_Automatic_Mode12
  L_Automatic_Mode13
  L_Automatic_Mode14
  L_Automatic_Mode15
  L_Automatic_Mode16
  ___Automatic_Mode_AUTO2
  L_Automatic_Mode17
  L_Automatic_Mode18
  L_Automatic_Mode19
  L_Automatic_Mode20
  L_Automatic_Mode21
  L_Automatic_Mode22
  L_Automatic_Mode23
  L_Automatic_Mode24
  L_Automatic_Mode25
  L_Automatic_Mode26
  L_Automatic_Mode27
  L_Automatic_Mode28
  L_Automatic_Mode29
  L_Automatic_Mode30
  L_Automatic_Mode31
  L_Automatic_Mode32
  L_Automatic_Mode33
  L_Automatic_Mode34
  L_Automatic_Mode35
  L_Automatic_Mode36
  L_Automatic_Mode37
  L_Automatic_Mode38
  L_Automatic_Mode39
  L_Automatic_Mode40
  L_Automatic_Mode41
  L_Automatic_Mode42
  L_Automatic_Mode43
  L_Automatic_Mode44
  L_Automatic_Mode45
  L_Automatic_Mode46
  L_Automatic_Mode47
  L_Automatic_Mode48
  L_Automatic_Mode49
  L_Automatic_Mode50
  L_Automatic_Mode51
  L_Automatic_Mode52
  L_Automatic_Mode53
  L_Automatic_Mode54
  L_Automatic_Mode55
  L_Manual_Mode56
  L_Manual_Mode57
  L_Manual_Mode58
  L_Manual_Mode59
  L_Manual_Mode60
  L_Manual_Mode61
  L_Manual_Mode62
  L_Manual_Mode63
  L_Manual_Mode64
  L_Manual_Mode65
  L_Manual_Mode66
  L_Manual_Mode67
  L_Manual_Mode68
  L_Manual_Mode69
  L_Manual_Mode70
  L__Manual_Mode71
  L__Manual_Mode72
  L_end_interrupt
  _interrupt
  L__interrupt74
  L_end_main
  _main
  L__main76
  L__main77
  L__main78
  L__main79
  L__main80
  L__main81
  L_end_Auto_Manual
  _Auto_Manual
  L__Auto_Manual83
  L__Auto_Manual84
  L__Auto_Manual85
  L__Auto_Manual86
  L__Auto_Manual87
  L__Auto_Manual88
  L__Auto_Manual89
  L__Auto_Manual90
  L__Auto_Manual91
  L__Auto_Manual92
  L__Auto_Manual93
  L__Auto_Manual94
  L_end_Automatic_Mode
  _Automatic_Mode
  L__Automatic_Mode96
  L__Automatic_Mode97
  L__Automatic_Mode98
  L__Automatic_Mode99
  L__Automatic_Mode100
  L__Automatic_Mode101
  L__Automatic_Mode102
  L__Automatic_Mode103
  L__Automatic_Mode104
  L__Automatic_Mode105
  L__Automatic_Mode106
  L__Automatic_Mode107
  L__Automatic_Mode108
  L__Automatic_Mode109
  L__Automatic_Mode110
  L__Automatic_Mode111
  L__Automatic_Mode112
  L__Automatic_Mode113
  L__Automatic_Mode114
  L__Automatic_Mode115
  L__Automatic_Mode116
  L__Automatic_Mode117
  L__Automatic_Mode118
  L__Automatic_Mode119
  L__Automatic_Mode120
  L__Automatic_Mode121
  L__Automatic_Mode122
  L__Automatic_Mode123
  L__Automatic_Mode124
  L__Automatic_Mode125
  L__Automatic_Mode126
  L__Automatic_Mode127
  L__Automatic_Mode128
  L__Automatic_Mode129
  L__Automatic_Mode130
  L__Automatic_Mode131
  L__Automatic_Mode132
  L__Automatic_Mode133
  L_end_Manual_Mode
  _Manual_Mode
  L__Manual_Mode135
  L__Manual_Mode136
  L__Manual_Mode137
  L__Manual_Mode138
  L__Manual_Mode139
  L__Manual_Mode140
  L__Manual_Mode141
  L__Manual_Mode142
  L__Manual_Mode143
  L__Manual_Mode144
  L__Manual_Mode145
  L__Manual_Mode146
  L__Manual_Mode147
  L__Manual_Mode148
  L__Manual_Mode149
  L__Manual_Mode150
  L__Manual_Mode151
  L__Manual_Mode152
  L__Manual_Mode153
  L__Manual_Mode154
  L__Manual_Mode155
  L__Manual_Mode156
  L_loopCA2AWs
  L_CA2AWend
  _CCA2AW_Loop1
  L_loopCS2Ss
  L_CS2Send
  _CCS2S_Loop1
  L_CCS2Send
  L_loopFZinSWs
  L_FZinSend
  _CC2D_Loop1
  L_end_____DoICP
  _____DoICP
  L_end_____DoIFC
  _____DoIFC
  L_end___CA2AW
  ___CA2AW
  L_end___CCA2AW
  ___CCA2AW
  L_end___CS2S
  ___CS2S
  L_end___CCS2S
  ___CCS2S
  L_end___FZinS
  ___FZinS
  L_end___CC2DW
  ___CC2DW
  L_end_Swap
  _Swap
  L_interrupt0
  L_main1
  L_main2
  L_main3
  L_main4
  L_main5
  L_Auto_Manual6
  L_Auto_Manual7
  L_Auto_Manual8
  L_Automatic_Mode9
  ___Automatic_Mode_AUTO1
  L_Automatic_Mode10
  L_Automatic_Mode11
  L_Automatic_Mode12
  L_Automatic_Mode13
  L_Automatic_Mode14
  L_Automatic_Mode15
  L_Automatic_Mode16
  ___Automatic_Mode_AUTO2
  L_Automatic_Mode17
  L_Automatic_Mode18
  L_Automatic_Mode19
  L_Automatic_Mode20
  L_Automatic_Mode21
  L_Automatic_Mode22
  L_Automatic_Mode23
  L_Automatic_Mode24
  L_Automatic_Mode25
  L_Automatic_Mode26
  L_Automatic_Mode27
  L_Automatic_Mode28
  L_Automatic_Mode29
  L_Automatic_Mode30
  L_Automatic_Mode31
  L_Automatic_Mode32
  L_Automatic_Mode33
  L_Automatic_Mode34
  L_Automatic_Mode35
  L_Automatic_Mode36
  L_Automatic_Mode37
  L_Automatic_Mode38
  L_Automatic_Mode39
  L_Automatic_Mode40
  L_Automatic_Mode41
  L_Automatic_Mode42
  L_Automatic_Mode43
  L_Automatic_Mode44
  L_Automatic_Mode45
  L_Automatic_Mode46
  L_Automatic_Mode47
  L_Automatic_Mode48
  L_Automatic_Mode49
  L_Automatic_Mode50
  L_Automatic_Mode51
  L_Automatic_Mode52
  L_Automatic_Mode53
  L_Automatic_Mode54
  L_Automatic_Mode55
  L_Manual_Mode56
  L_Manual_Mode57
  L_Manual_Mode58
  L_Manual_Mode59
  L_Manual_Mode60
  L_Manual_Mode61
  L_Manual_Mode62
  L_Manual_Mode63
  L_Manual_Mode64
  L_Manual_Mode65
  L_Manual_Mode66
  L_Manual_Mode67
  L_Manual_Mode68
  L_Manual_Mode69
  L_Manual_Mode70
  L__Manual_Mode71
  L__Manual_Mode72
  L_end_interrupt
  _interrupt
  L__interrupt74
  L_end_main
  _main
  L__main76
  L__main77
  L__main78
  L__main79
  L__main80
  L__main81
  L_end_Auto_Manual
  _Auto_Manual
  L__Auto_Manual83
  L__Auto_Manual84
  L__Auto_Manual85
  L__Auto_Manual86
  L__Auto_Manual87
  L__Auto_Manual88
  L__Auto_Manual89
  L__Auto_Manual90
  L__Auto_Manual91
  L__Auto_Manual92
  L__Auto_Manual93
  L__Auto_Manual94
  L_end_Automatic_Mode
  _Automatic_Mode
  L__Automatic_Mode96
  L__Automatic_Mode97
  L__Automatic_Mode98
  L__Automatic_Mode99
  L__Automatic_Mode100
  L__Automatic_Mode101
  L__Automatic_Mode102
  L__Automatic_Mode103
  L__Automatic_Mode104
  L__Automatic_Mode105
  L__Automatic_Mode106
  L__Automatic_Mode107
  L__Automatic_Mode108
  L__Automatic_Mode109
  L__Automatic_Mode110
  L__Automatic_Mode111
  L__Automatic_Mode112
  L__Automatic_Mode113
  L__Automatic_Mode114
  L__Automatic_Mode115
  L__Automatic_Mode116
  L__Automatic_Mode117
  L__Automatic_Mode118
  L__Automatic_Mode119
  L__Automatic_Mode120
  L__Automatic_Mode121
  L__Automatic_Mode122
  L__Automatic_Mode123
  L__Automatic_Mode124
  L__Automatic_Mode125
  L__Automatic_Mode126
  L__Automatic_Mode127
  L__Automatic_Mode128
  L__Automatic_Mode129
  L__Automatic_Mode130
  L__Automatic_Mode131
  L__Automatic_Mode132
  L__Automatic_Mode133
  L_end_Manual_Mode
  _Manual_Mode
  L__Manual_Mode135
  L__Manual_Mode136
  L__Manual_Mode137
  L__Manual_Mode138
  L__Manual_Mode139
  L__Manual_Mode140
  L__Manual_Mode141
  L__Manual_Mode142
  L__Manual_Mode143
  L__Manual_Mode144
  L__Manual_Mode145
  L__Manual_Mode146
  L__Manual_Mode147
  L__Manual_Mode148
  L__Manual_Mode149
  L__Manual_Mode150
  L__Manual_Mode151
  L__Manual_Mode152
  L__Manual_Mode153
  L__Manual_Mode154
  L__Manual_Mode155
  L__Manual_Mode156
